[2025-05-29 00:07:37] 🚀 info ✅: Configuration loaded from config.json ✅ {
  "service": "shogun-relay"
}
[2025-05-29 00:07:37] 🚀 info ✅: Configuration validated successfully with Mityli ✅ {
  "service": "shogun-relay"
}
[2025-05-29 00:07:37] 🚀 info ✅: Starting unified relay server... 🚀 {
  "service": "shogun-relay"
}
[2025-05-29 00:07:37] 📦 info ✅: IpfsManager initialized. ✅ {
  "service": "shogun-relay"
}
[2025-05-29 00:07:37] 🔑 info ✅: AuthenticationManager configured with initial settings. ✅ {
  "service": "shogun-relay"
}
[2025-05-29 00:07:37] 🔫 info ✅: GunDB initialized. ✅ {
  "service": "shogun-relay"
}
[2025-05-29 00:07:37] 🚀 info ✅: Initializing ShogunCore with Gun instance 🚀 {
  "service": "shogun-relay"
}
[2025-05-29 00:07:37] 🚀 info ✅: Relay initialized, AuthenticationManager updated with live verifiers. ✅ {
  "service": "shogun-relay"
}
[2025-05-29 00:07:37] 🚀 info ✅: File Manager initialized inside startServer. ✅ {
  "service": "shogun-relay"
}
[2025-05-29 00:07:37] 🚀 info ✅: [Server] Server listening on http://localhost:8765 {
  "service": "shogun-relay"
}
[2025-05-29 00:07:37] 🚀 info ✅: [Server] Gun relay peer accessible at http://localhost:8765/gun {
  "service": "shogun-relay"
}
[2025-05-29 00:07:53] 🚀 info ✅: Configuration loaded from config.json ✅ {
  "service": "shogun-relay"
}
[2025-05-29 00:07:53] 🚀 info ✅: Configuration validated successfully with Mityli ✅ {
  "service": "shogun-relay"
}
[2025-05-29 00:07:53] 🚀 info ✅: Starting unified relay server... 🚀 {
  "service": "shogun-relay"
}
[2025-05-29 00:07:53] 📦 info ✅: IpfsManager initialized. ✅ {
  "service": "shogun-relay"
}
[2025-05-29 00:07:53] 🔑 info ✅: AuthenticationManager configured with initial settings. ✅ {
  "service": "shogun-relay"
}
[2025-05-29 00:07:54] 🔫 info ✅: GunDB initialized. ✅ {
  "service": "shogun-relay"
}
[2025-05-29 00:07:54] 🚀 info ✅: Initializing ShogunCore with Gun instance 🚀 {
  "service": "shogun-relay"
}
[2025-05-29 00:07:54] 🚀 info ✅: Relay initialized, AuthenticationManager updated with live verifiers. ✅ {
  "service": "shogun-relay"
}
[2025-05-29 00:07:54] 🚀 info ✅: File Manager initialized inside startServer. ✅ {
  "service": "shogun-relay"
}
[2025-05-29 00:07:54] 🚀 info ✅: [Server] Server listening on http://localhost:8765 {
  "service": "shogun-relay"
}
[2025-05-29 00:07:54] 🚀 info ✅: [Server] Gun relay peer accessible at http://localhost:8765/gun {
  "service": "shogun-relay"
}
